<?xml version="1.0" encoding="UTF-8"?>
<testng-results skipped="0" failed="0" ignored="0" total="1" passed="1">
  <reporter-output>
  </reporter-output>
  <suite name="Default suite" duration-ms="26643" started-at="2019-09-22T07:37:28Z" finished-at="2019-09-22T07:37:55Z">
    <groups>
    </groups>
    <test name="Default test" duration-ms="26643" started-at="2019-09-22T07:37:28Z" finished-at="2019-09-22T07:37:55Z">
      <class name="test.FirstSeleniumTest">
        <test-method status="PASS" signature="check()[pri:0, instance:test.FirstSeleniumTest@51efea79]" name="check" duration-ms="26585" started-at="2019-09-22T07:37:28Z" finished-at="2019-09-22T07:37:55Z">
          <reporter-output>
          </reporter-output>
        </test-method> <!-- check -->
      </class> <!-- test.FirstSeleniumTest -->
    </test> <!-- Default test -->
  </suite> <!-- Default suite -->
</testng-results>
